Determining if the pthread_create exist failed with the following output:
Change Dir: /home/jacopo/CLionProjects/MP3/cmake-build-debug/CMakeFiles/CMakeTmp

Run Build Command:"/usr/bin/make" "cmTC_fbefc/fast"
/usr/bin/make -f CMakeFiles/cmTC_fbefc.dir/build.make CMakeFiles/cmTC_fbefc.dir/build
make[1]: ingresso nella directory "/home/jacopo/CLionProjects/MP3/cmake-build-debug/CMakeFiles/CMakeTmp"
Building C object CMakeFiles/cmTC_fbefc.dir/CheckSymbolExists.c.o
/usr/bin/cc    -o CMakeFiles/cmTC_fbefc.dir/CheckSymbolExists.c.o   -c /home/jacopo/CLionProjects/MP3/cmake-build-debug/CMakeFiles/CMakeTmp/CheckSymbolExists.c
Linking C executable cmTC_fbefc
/usr/local/clion-2018.2.4/bin/cmake/linux/bin/cmake -E cmake_link_script CMakeFiles/cmTC_fbefc.dir/link.txt --verbose=1
/usr/bin/cc      -rdynamic CMakeFiles/cmTC_fbefc.dir/CheckSymbolExists.c.o  -o cmTC_fbefc 
CMakeFiles/cmTC_fbefc.dir/CheckSymbolExists.c.o: nella funzione "main":
CheckSymbolExists.c:(.text+0x1b): riferimento non definito a "pthread_create"
collect2: error: ld returned 1 exit status
CMakeFiles/cmTC_fbefc.dir/build.make:86: recipe for target 'cmTC_fbefc' failed
make[1]: *** [cmTC_fbefc] Error 1
make[1]: uscita dalla directory "/home/jacopo/CLionProjects/MP3/cmake-build-debug/CMakeFiles/CMakeTmp"
Makefile:121: recipe for target 'cmTC_fbefc/fast' failed
make: *** [cmTC_fbefc/fast] Error 2

File /home/jacopo/CLionProjects/MP3/cmake-build-debug/CMakeFiles/CMakeTmp/CheckSymbolExists.c:
/* */
#include <pthread.h>

int main(int argc, char** argv)
{
  (void)argv;
#ifndef pthread_create
  return ((int*)(&pthread_create))[argc];
#else
  (void)argc;
  return 0;
#endif
}

Determining if the function pthread_create exists in the pthreads failed with the following output:
Change Dir: /home/jacopo/CLionProjects/MP3/cmake-build-debug/CMakeFiles/CMakeTmp

Run Build Command:"/usr/bin/make" "cmTC_6d3ad/fast"
/usr/bin/make -f CMakeFiles/cmTC_6d3ad.dir/build.make CMakeFiles/cmTC_6d3ad.dir/build
make[1]: ingresso nella directory "/home/jacopo/CLionProjects/MP3/cmake-build-debug/CMakeFiles/CMakeTmp"
Building C object CMakeFiles/cmTC_6d3ad.dir/CheckFunctionExists.c.o
/usr/bin/cc   -DCHECK_FUNCTION_EXISTS=pthread_create   -o CMakeFiles/cmTC_6d3ad.dir/CheckFunctionExists.c.o   -c /usr/local/clion-2018.2.4/bin/cmake/linux/share/cmake-3.12/Modules/CheckFunctionExists.c
Linking C executable cmTC_6d3ad
/usr/local/clion-2018.2.4/bin/cmake/linux/bin/cmake -E cmake_link_script CMakeFiles/cmTC_6d3ad.dir/link.txt --verbose=1
/usr/bin/cc  -DCHECK_FUNCTION_EXISTS=pthread_create    -rdynamic CMakeFiles/cmTC_6d3ad.dir/CheckFunctionExists.c.o  -o cmTC_6d3ad -lpthreads 
/usr/bin/ld: impossibile trovare -lpthreads
collect2: error: ld returned 1 exit status
CMakeFiles/cmTC_6d3ad.dir/build.make:86: recipe for target 'cmTC_6d3ad' failed
make[1]: *** [cmTC_6d3ad] Error 1
make[1]: uscita dalla directory "/home/jacopo/CLionProjects/MP3/cmake-build-debug/CMakeFiles/CMakeTmp"
Makefile:121: recipe for target 'cmTC_6d3ad/fast' failed
make: *** [cmTC_6d3ad/fast] Error 2


